<?xml version="1.0" encoding="UTF-8"?>
<testng-results skipped="0" failed="0" total="1" passed="1">
  <reporter-output>
  </reporter-output>
  <suite name="Suite" duration-ms="37831" started-at="2021-10-28T06:01:27Z" finished-at="2021-10-28T06:02:05Z">
    <groups>
    </groups>
    <test name="Test1" duration-ms="37831" started-at="2021-10-28T06:01:27Z" finished-at="2021-10-28T06:02:05Z">
      <class name="com.TestCases.LoginAppService">
        <test-method status="PASS" signature="setupsuite()[pri:0, instance:com.TestCases.LoginAppService@6a41eaa2]" name="setupsuite" is-config="true" duration-ms="20" started-at="2021-10-28T14:01:27Z" finished-at="2021-10-28T14:01:27Z">
          <reporter-output>
          </reporter-output>
        </test-method> <!-- setupsuite -->
        <test-method status="PASS" signature="browse()[pri:0, instance:com.TestCases.LoginAppService@6a41eaa2]" name="browse" is-config="true" duration-ms="4959" started-at="2021-10-28T14:01:27Z" finished-at="2021-10-28T14:01:32Z">
          <reporter-output>
          </reporter-output>
        </test-method> <!-- browse -->
        <test-method status="PASS" signature="login(java.lang.String, java.lang.String)[pri:0, instance:com.TestCases.LoginAppService@6a41eaa2]" name="login" duration-ms="32638" started-at="2021-10-28T14:01:32Z" finished-at="2021-10-28T14:02:05Z">
          <params>
            <param index="0">
              <value>
                <![CDATA[qatrainer]]>
              </value>
            </param>
            <param index="1">
              <value>
                <![CDATA[admin123]]>
              </value>
            </param>
          </params>
          <reporter-output>
          </reporter-output>
        </test-method> <!-- login -->
        <test-method status="PASS" signature="fail_capture(org.testng.ITestResult)[pri:0, instance:com.TestCases.LoginAppService@6a41eaa2]" name="fail_capture" is-config="true" duration-ms="1" started-at="2021-10-28T14:02:05Z" finished-at="2021-10-28T14:02:05Z">
          <params>
            <param index="0">
              <value>
                <![CDATA[[TestResult name=login status=SUCCESS method=LoginAppService.login(java.lang.String, java.lang.String)[pri:0, instance:com.TestCases.LoginAppService@6a41eaa2] output={null}]]]>
              </value>
            </param>
          </params>
          <reporter-output>
          </reporter-output>
        </test-method> <!-- fail_capture -->
        <test-method status="PASS" signature="close()[pri:0, instance:com.TestCases.LoginAppService@6a41eaa2]" name="close" is-config="true" duration-ms="205" started-at="2021-10-28T14:02:05Z" finished-at="2021-10-28T14:02:05Z">
          <reporter-output>
          </reporter-output>
        </test-method> <!-- close -->
      </class> <!-- com.TestCases.LoginAppService -->
    </test> <!-- Test1 -->
  </suite> <!-- Suite -->
</testng-results>
